20251231182044 - F24 Received - NavMode ON
20251231182048 - F13 Received (Move Up)
20251231182048 - ProcessMovement: U=1 (Integer) L=0 D=0 R=0
20251231182048 - Calc: mX=0 mY=-1
20251231182048 - Moving Mouse: X=0 Y=-1
20251231182048 - ProcessMovement: U=1 (Integer) L=0 D=0 R=0
20251231182048 - Calc: mX=0 mY=-1
20251231182048 - Moving Mouse: X=0.0 Y=-1.6800000000000002
20251231182048 - ProcessMovement: U=1 (Integer) L=0 D=0 R=0
20251231182048 - Calc: mX=0 mY=-1
20251231182048 - Moving Mouse: X=0.0 Y=-2.3464
20251231182048 - ProcessMovement: U=1 (Integer) L=0 D=0 R=0
20251231182048 - Calc: mX=0 mY=-1
20251231182048 - Moving Mouse: X=0.0 Y=-2.9994719999999999
20251231182048 - ProcessMovement: U=1 (Integer) L=0 D=0 R=0
20251231182048 - Calc: mX=0 mY=-1
20251231182048 - Moving Mouse: X=0.0 Y=-3.6394825600000003
20251231182048 - ProcessMovement: U=1 (Integer) L=0 D=0 R=0
20251231182048 - Calc: mX=0 mY=-1
20251231182048 - Moving Mouse: X=0.0 Y=-4.2666929088000005
20251231182048 - ProcessMovement: U=1 (Integer) L=0 D=0 R=0
20251231182048 - Calc: mX=0 mY=-1
20251231182048 - Moving Mouse: X=0.0 Y=-4.8813590506240008
20251231182048 - ProcessMovement: U=1 (Integer) L=0 D=0 R=0
20251231182048 - Calc: mX=0 mY=-1
20251231182048 - Moving Mouse: X=0.0 Y=-5.4837318696115211
20251231182048 - ProcessMovement: U=1 (Integer) L=0 D=0 R=0
20251231182048 - Calc: mX=0 mY=-1
20251231182048 - Moving Mouse: X=0.0 Y=-6.0740572322192907
20251231182048 - ProcessMovement: U=1 (Integer) L=0 D=0 R=0
20251231182048 - Calc: mX=0 mY=-1
20251231182048 - Moving Mouse: X=0.0 Y=-6.6525760875749054
20251231182048 - ProcessMovement: U=1 (Integer) L=0 D=0 R=0
20251231182048 - Calc: mX=0 mY=-1
20251231182048 - Moving Mouse: X=0.0 Y=-7.2195245658234075
20251231182048 - ProcessMovement: U=1 (Integer) L=0 D=0 R=0
20251231182048 - Calc: mX=0 mY=-1
20251231182048 - Moving Mouse: X=0.0 Y=-7.7751340745069397
20251231182048 - ProcessMovement: U=1 (Integer) L=0 D=0 R=0
20251231182048 - Calc: mX=0 mY=-1
20251231182048 - Moving Mouse: X=0.0 Y=-8.3196313930168007
20251231182048 - ProcessMovement: U=1 (Integer) L=0 D=0 R=0
20251231182048 - Calc: mX=0 mY=-1
20251231182048 - Moving Mouse: X=0.0 Y=-8.8532387651564655
20251231182048 - ProcessMovement: U=1 (Integer) L=0 D=0 R=0
20251231182048 - Calc: mX=0 mY=-1
20251231182048 - Moving Mouse: X=0.0 Y=-9.3761739898533367
20251231182048 - ProcessMovement: U=1 (Integer) L=0 D=0 R=0
20251231182048 - Calc: mX=0 mY=-1
20251231182048 - Moving Mouse: X=0.0 Y=-9.8886505100562694
20251231182048 - ProcessMovement: U=1 (Integer) L=0 D=0 R=0
20251231182048 - Calc: mX=0 mY=-1
20251231182048 - Moving Mouse: X=0.0 Y=-10.390877499855144
20251231182048 - ProcessMovement: U=1 (Integer) L=0 D=0 R=0
20251231182048 - Calc: mX=0 mY=-1
20251231182048 - Moving Mouse: X=0.0 Y=-10.88305994985804
20251231182048 - ProcessMovement: U=1 (Integer) L=0 D=0 R=0
20251231182048 - Calc: mX=0 mY=-1
20251231182048 - Moving Mouse: X=0.0 Y=-11.36539875086088
20251231182048 - ProcessMovement: U=1 (Integer) L=0 D=0 R=0
20251231182048 - Calc: mX=0 mY=-1
20251231182048 - Moving Mouse: X=0.0 Y=-11.838090775843662
20251231182048 - ProcessMovement: U=1 (Integer) L=0 D=0 R=0
20251231182048 - Calc: mX=0 mY=-1
20251231182048 - Moving Mouse: X=0.0 Y=-12.301328960326789
20251231182048 - F13 Up Received
20251231182048 - ProcessMovement: U=0 (Integer) L=0 D=0 R=0
20251231182049 - F14 Received (Move Left)
20251231182049 - ProcessMovement: U=0 (Integer) L=1 D=0 R=0
20251231182049 - Calc: mX=-1 mY=0
20251231182049 - Moving Mouse: X=-1 Y=0
20251231182049 - ProcessMovement: U=0 (Integer) L=1 D=0 R=0
20251231182049 - Calc: mX=-1 mY=0
20251231182049 - Moving Mouse: X=-1.6800000000000002 Y=0.0
20251231182049 - ProcessMovement: U=0 (Integer) L=1 D=0 R=0
20251231182049 - Calc: mX=-1 mY=0
20251231182049 - Moving Mouse: X=-2.3464 Y=0.0
20251231182049 - ProcessMovement: U=0 (Integer) L=1 D=0 R=0
20251231182049 - Calc: mX=-1 mY=0
20251231182049 - Moving Mouse: X=-2.9994719999999999 Y=0.0
20251231182049 - ProcessMovement: U=0 (Integer) L=1 D=0 R=0
20251231182049 - Calc: mX=-1 mY=0
20251231182049 - Moving Mouse: X=-3.6394825600000003 Y=0.0
20251231182050 - ProcessMovement: U=0 (Integer) L=1 D=0 R=0
20251231182050 - Calc: mX=-1 mY=0
20251231182050 - Moving Mouse: X=-4.2666929088000005 Y=0.0
20251231182050 - ProcessMovement: U=0 (Integer) L=1 D=0 R=0
20251231182050 - Calc: mX=-1 mY=0
20251231182050 - Moving Mouse: X=-4.8813590506240008 Y=0.0
20251231182050 - ProcessMovement: U=0 (Integer) L=1 D=0 R=0
20251231182050 - Calc: mX=-1 mY=0
20251231182050 - Moving Mouse: X=-5.4837318696115211 Y=0.0
20251231182050 - ProcessMovement: U=0 (Integer) L=1 D=0 R=0
20251231182050 - Calc: mX=-1 mY=0
20251231182050 - Moving Mouse: X=-6.0740572322192907 Y=0.0
20251231182050 - ProcessMovement: U=0 (Integer) L=1 D=0 R=0
20251231182050 - Calc: mX=-1 mY=0
20251231182050 - Moving Mouse: X=-6.6525760875749054 Y=0.0
20251231182050 - ProcessMovement: U=0 (Integer) L=1 D=0 R=0
20251231182050 - Calc: mX=-1 mY=0
20251231182050 - Moving Mouse: X=-7.2195245658234075 Y=0.0
20251231182050 - ProcessMovement: U=0 (Integer) L=1 D=0 R=0
20251231182050 - Calc: mX=-1 mY=0
20251231182050 - Moving Mouse: X=-7.7751340745069397 Y=0.0
20251231182050 - ProcessMovement: U=0 (Integer) L=1 D=0 R=0
20251231182050 - Calc: mX=-1 mY=0
20251231182050 - Moving Mouse: X=-8.3196313930168007 Y=0.0
20251231182050 - ProcessMovement: U=0 (Integer) L=1 D=0 R=0
20251231182050 - Calc: mX=-1 mY=0
20251231182050 - Moving Mouse: X=-8.8532387651564655 Y=0.0
20251231182050 - ProcessMovement: U=0 (Integer) L=1 D=0 R=0
20251231182050 - Calc: mX=-1 mY=0
20251231182050 - Moving Mouse: X=-9.3761739898533367 Y=0.0
20251231182050 - ProcessMovement: U=0 (Integer) L=1 D=0 R=0
20251231182050 - Calc: mX=-1 mY=0
20251231182050 - Moving Mouse: X=-9.8886505100562694 Y=0.0
20251231182050 - ProcessMovement: U=0 (Integer) L=1 D=0 R=0
20251231182050 - Calc: mX=-1 mY=0
20251231182050 - Moving Mouse: X=-10.390877499855144 Y=0.0
20251231182050 - ProcessMovement: U=0 (Integer) L=1 D=0 R=0
20251231182050 - Calc: mX=-1 mY=0
20251231182050 - Moving Mouse: X=-10.88305994985804 Y=0.0
20251231182050 - ProcessMovement: U=0 (Integer) L=1 D=0 R=0
20251231182050 - Calc: mX=-1 mY=0
20251231182050 - Moving Mouse: X=-11.36539875086088 Y=0.0
20251231182050 - ProcessMovement: U=0 (Integer) L=1 D=0 R=0
20251231182050 - Calc: mX=-1 mY=0
20251231182050 - Moving Mouse: X=-11.838090775843662 Y=0.0
20251231182050 - ProcessMovement: U=0 (Integer) L=1 D=0 R=0
20251231182050 - Calc: mX=-1 mY=0
20251231182050 - Moving Mouse: X=-12.301328960326789 Y=0.0
20251231182050 - ProcessMovement: U=0 (Integer) L=1 D=0 R=0
20251231182050 - Calc: mX=-1 mY=0
20251231182050 - Moving Mouse: X=-12.755302381120252 Y=0.0
20251231182050 - ProcessMovement: U=0 (Integer) L=1 D=0 R=0
20251231182050 - Calc: mX=-1 mY=0
20251231182050 - Moving Mouse: X=-13.200196333497846 Y=0.0
20251231182050 - ProcessMovement: U=0 (Integer) L=1 D=0 R=0
20251231182050 - Calc: mX=-1 mY=0
20251231182050 - Moving Mouse: X=-13.63619240682789 Y=0.0
20251231182050 - F14 Up Received
20251231182050 - ProcessMovement: U=0 (Integer) L=0 D=0 R=0
20251231182051 - F16 Received (Move Right)
20251231182051 - ProcessMovement: U=0 (Integer) L=0 D=0 R=1
20251231182051 - Calc: mX=1 mY=0
20251231182051 - Moving Mouse: X=1 Y=0
20251231182051 - ProcessMovement: U=0 (Integer) L=0 D=0 R=1
20251231182051 - Calc: mX=1 mY=0
20251231182051 - Moving Mouse: X=1.6800000000000002 Y=0.0
20251231182051 - ProcessMovement: U=0 (Integer) L=0 D=0 R=1
20251231182051 - Calc: mX=1 mY=0
20251231182051 - Moving Mouse: X=2.3464 Y=0.0
20251231182051 - ProcessMovement: U=0 (Integer) L=0 D=0 R=1
20251231182051 - Calc: mX=1 mY=0
20251231182051 - Moving Mouse: X=2.9994719999999999 Y=0.0
20251231182051 - ProcessMovement: U=0 (Integer) L=0 D=0 R=1
20251231182051 - Calc: mX=1 mY=0
20251231182051 - Moving Mouse: X=3.6394825600000003 Y=0.0
20251231182051 - ProcessMovement: U=0 (Integer) L=0 D=0 R=1
20251231182051 - Calc: mX=1 mY=0
20251231182051 - Moving Mouse: X=4.2666929088000005 Y=0.0
20251231182051 - ProcessMovement: U=0 (Integer) L=0 D=0 R=1
20251231182051 - Calc: mX=1 mY=0
20251231182051 - Moving Mouse: X=4.8813590506240008 Y=0.0
20251231182051 - ProcessMovement: U=0 (Integer) L=0 D=0 R=1
20251231182051 - Calc: mX=1 mY=0
20251231182051 - Moving Mouse: X=5.4837318696115211 Y=0.0
20251231182051 - ProcessMovement: U=0 (Integer) L=0 D=0 R=1
20251231182051 - Calc: mX=1 mY=0
20251231182051 - Moving Mouse: X=6.0740572322192907 Y=0.0
20251231182051 - ProcessMovement: U=0 (Integer) L=0 D=0 R=1
20251231182051 - Calc: mX=1 mY=0
20251231182051 - Moving Mouse: X=6.6525760875749054 Y=0.0
20251231182051 - F16 Up Received
20251231182051 - ProcessMovement: U=0 (Integer) L=0 D=0 R=0
20251231182051 - F14 Received (Move Left)
20251231182051 - ProcessMovement: U=0 (Integer) L=1 D=0 R=0
20251231182051 - Calc: mX=-1 mY=0
20251231182051 - Moving Mouse: X=-1 Y=0
20251231182051 - ProcessMovement: U=0 (Integer) L=1 D=0 R=0
20251231182051 - Calc: mX=-1 mY=0
20251231182051 - Moving Mouse: X=-1.6800000000000002 Y=0.0
20251231182051 - ProcessMovement: U=0 (Integer) L=1 D=0 R=0
20251231182051 - Calc: mX=-1 mY=0
20251231182051 - Moving Mouse: X=-2.3464 Y=0.0
20251231182051 - ProcessMovement: U=0 (Integer) L=1 D=0 R=0
20251231182051 - Calc: mX=-1 mY=0
20251231182051 - Moving Mouse: X=-2.9994719999999999 Y=0.0
20251231182051 - ProcessMovement: U=0 (Integer) L=1 D=0 R=0
20251231182051 - Calc: mX=-1 mY=0
20251231182051 - Moving Mouse: X=-3.6394825600000003 Y=0.0
20251231182051 - ProcessMovement: U=0 (Integer) L=1 D=0 R=0
20251231182051 - Calc: mX=-1 mY=0
20251231182051 - Moving Mouse: X=-4.2666929088000005 Y=0.0
20251231182051 - ProcessMovement: U=0 (Integer) L=1 D=0 R=0
20251231182051 - Calc: mX=-1 mY=0
20251231182051 - Moving Mouse: X=-4.8813590506240008 Y=0.0
20251231182051 - ProcessMovement: U=0 (Integer) L=1 D=0 R=0
20251231182051 - Calc: mX=-1 mY=0
20251231182051 - Moving Mouse: X=-5.4837318696115211 Y=0.0
20251231182051 - ProcessMovement: U=0 (Integer) L=1 D=0 R=0
20251231182051 - Calc: mX=-1 mY=0
20251231182051 - Moving Mouse: X=-6.0740572322192907 Y=0.0
20251231182051 - F14 Up Received
20251231182051 - ProcessMovement: U=0 (Integer) L=0 D=0 R=0
20251231182051 - F16 Received (Move Right)
20251231182051 - ProcessMovement: U=0 (Integer) L=0 D=0 R=1
20251231182051 - Calc: mX=1 mY=0
20251231182051 - Moving Mouse: X=1 Y=0
20251231182051 - ProcessMovement: U=0 (Integer) L=0 D=0 R=1
20251231182051 - Calc: mX=1 mY=0
20251231182051 - Moving Mouse: X=1.6800000000000002 Y=0.0
20251231182051 - ProcessMovement: U=0 (Integer) L=0 D=0 R=1
20251231182051 - Calc: mX=1 mY=0
20251231182051 - Moving Mouse: X=2.3464 Y=0.0
20251231182051 - ProcessMovement: U=0 (Integer) L=0 D=0 R=1
20251231182051 - Calc: mX=1 mY=0
20251231182051 - Moving Mouse: X=2.9994719999999999 Y=0.0
20251231182051 - ProcessMovement: U=0 (Integer) L=0 D=0 R=1
20251231182051 - Calc: mX=1 mY=0
20251231182051 - Moving Mouse: X=3.6394825600000003 Y=0.0
20251231182051 - ProcessMovement: U=0 (Integer) L=0 D=0 R=1
20251231182051 - Calc: mX=1 mY=0
20251231182051 - Moving Mouse: X=4.2666929088000005 Y=0.0
20251231182051 - ProcessMovement: U=0 (Integer) L=0 D=0 R=1
20251231182051 - Calc: mX=1 mY=0
20251231182051 - Moving Mouse: X=4.8813590506240008 Y=0.0
20251231182051 - ProcessMovement: U=0 (Integer) L=0 D=0 R=1
20251231182051 - Calc: mX=1 mY=0
20251231182051 - Moving Mouse: X=5.4837318696115211 Y=0.0
20251231182051 - ProcessMovement: U=0 (Integer) L=0 D=0 R=1
20251231182051 - Calc: mX=1 mY=0
20251231182051 - Moving Mouse: X=6.0740572322192907 Y=0.0
20251231182051 - ProcessMovement: U=0 (Integer) L=0 D=0 R=1
20251231182051 - Calc: mX=1 mY=0
20251231182051 - Moving Mouse: X=6.6525760875749054 Y=0.0
20251231182051 - F16 Up Received
20251231182051 - ProcessMovement: U=0 (Integer) L=0 D=0 R=0
20251231182051 - F14 Received (Move Left)
20251231182051 - ProcessMovement: U=0 (Integer) L=1 D=0 R=0
20251231182051 - Calc: mX=-1 mY=0
20251231182051 - Moving Mouse: X=-1 Y=0
20251231182051 - ProcessMovement: U=0 (Integer) L=1 D=0 R=0
20251231182051 - Calc: mX=-1 mY=0
20251231182051 - Moving Mouse: X=-1.6800000000000002 Y=0.0
20251231182051 - ProcessMovement: U=0 (Integer) L=1 D=0 R=0
20251231182051 - Calc: mX=-1 mY=0
20251231182051 - Moving Mouse: X=-2.3464 Y=0.0
20251231182051 - ProcessMovement: U=0 (Integer) L=1 D=0 R=0
20251231182051 - Calc: mX=-1 mY=0
20251231182051 - Moving Mouse: X=-2.9994719999999999 Y=0.0
20251231182051 - ProcessMovement: U=0 (Integer) L=1 D=0 R=0
20251231182051 - Calc: mX=-1 mY=0
20251231182051 - Moving Mouse: X=-3.6394825600000003 Y=0.0
20251231182051 - ProcessMovement: U=0 (Integer) L=1 D=0 R=0
20251231182051 - Calc: mX=-1 mY=0
20251231182051 - Moving Mouse: X=-4.2666929088000005 Y=0.0
20251231182051 - ProcessMovement: U=0 (Integer) L=1 D=0 R=0
20251231182051 - Calc: mX=-1 mY=0
20251231182051 - Moving Mouse: X=-4.8813590506240008 Y=0.0
20251231182051 - ProcessMovement: U=0 (Integer) L=1 D=0 R=0
20251231182051 - Calc: mX=-1 mY=0
20251231182051 - Moving Mouse: X=-5.4837318696115211 Y=0.0
20251231182051 - ProcessMovement: U=0 (Integer) L=1 D=0 R=0
20251231182051 - Calc: mX=-1 mY=0
20251231182051 - Moving Mouse: X=-6.0740572322192907 Y=0.0
20251231182051 - ProcessMovement: U=0 (Integer) L=1 D=0 R=0
20251231182051 - Calc: mX=-1 mY=0
20251231182051 - Moving Mouse: X=-6.6525760875749054 Y=0.0
20251231182051 - F14 Up Received
20251231182051 - ProcessMovement: U=0 (Integer) L=0 D=0 R=0
20251231182051 - F16 Received (Move Right)
20251231182051 - ProcessMovement: U=0 (Integer) L=0 D=0 R=1
20251231182051 - Calc: mX=1 mY=0
20251231182051 - Moving Mouse: X=1 Y=0
20251231182051 - ProcessMovement: U=0 (Integer) L=0 D=0 R=1
20251231182051 - Calc: mX=1 mY=0
20251231182051 - Moving Mouse: X=1.6800000000000002 Y=0.0
20251231182051 - ProcessMovement: U=0 (Integer) L=0 D=0 R=1
20251231182051 - Calc: mX=1 mY=0
20251231182051 - Moving Mouse: X=2.3464 Y=0.0
20251231182051 - ProcessMovement: U=0 (Integer) L=0 D=0 R=1
20251231182051 - Calc: mX=1 mY=0
20251231182051 - Moving Mouse: X=2.9994719999999999 Y=0.0
20251231182051 - ProcessMovement: U=0 (Integer) L=0 D=0 R=1
20251231182051 - Calc: mX=1 mY=0
20251231182051 - Moving Mouse: X=3.6394825600000003 Y=0.0
20251231182051 - ProcessMovement: U=0 (Integer) L=0 D=0 R=1
20251231182051 - Calc: mX=1 mY=0
20251231182051 - Moving Mouse: X=4.2666929088000005 Y=0.0
20251231182051 - ProcessMovement: U=0 (Integer) L=0 D=0 R=1
20251231182051 - Calc: mX=1 mY=0
20251231182051 - Moving Mouse: X=4.8813590506240008 Y=0.0
20251231182052 - ProcessMovement: U=0 (Integer) L=0 D=0 R=1
20251231182052 - Calc: mX=1 mY=0
20251231182052 - Moving Mouse: X=5.4837318696115211 Y=0.0
20251231182052 - F16 Up Received
20251231182052 - F14 Received (Move Left)
20251231182052 - ProcessMovement: U=0 (Integer) L=1 D=0 R=0
20251231182052 - Calc: mX=-1 mY=0
20251231182052 - Moving Mouse: X=-6.0740572322192907 Y=0.0
20251231182052 - ProcessMovement: U=0 (Integer) L=1 D=0 R=0
20251231182052 - Calc: mX=-1 mY=0
20251231182052 - Moving Mouse: X=-6.6525760875749054 Y=0.0
20251231182052 - ProcessMovement: U=0 (Integer) L=1 D=0 R=0
20251231182052 - Calc: mX=-1 mY=0
20251231182052 - Moving Mouse: X=-7.2195245658234075 Y=0.0
20251231182052 - ProcessMovement: U=0 (Integer) L=1 D=0 R=0
20251231182052 - Calc: mX=-1 mY=0
20251231182052 - Moving Mouse: X=-7.7751340745069397 Y=0.0
20251231182052 - ProcessMovement: U=0 (Integer) L=1 D=0 R=0
20251231182052 - Calc: mX=-1 mY=0
20251231182052 - Moving Mouse: X=-8.3196313930168007 Y=0.0
20251231182052 - ProcessMovement: U=0 (Integer) L=1 D=0 R=0
20251231182052 - Calc: mX=-1 mY=0
20251231182052 - Moving Mouse: X=-8.8532387651564655 Y=0.0
20251231182052 - ProcessMovement: U=0 (Integer) L=1 D=0 R=0
20251231182052 - Calc: mX=-1 mY=0
20251231182052 - Moving Mouse: X=-9.3761739898533367 Y=0.0
20251231182052 - ProcessMovement: U=0 (Integer) L=1 D=0 R=0
20251231182052 - Calc: mX=-1 mY=0
20251231182052 - Moving Mouse: X=-9.8886505100562694 Y=0.0
20251231182052 - F14 Up Received
20251231182052 - ProcessMovement: U=0 (Integer) L=0 D=0 R=0
20251231182052 - F16 Received (Move Right)
20251231182052 - ProcessMovement: U=0 (Integer) L=0 D=0 R=1
20251231182052 - Calc: mX=1 mY=0
20251231182052 - Moving Mouse: X=1 Y=0
20251231182052 - ProcessMovement: U=0 (Integer) L=0 D=0 R=1
20251231182052 - Calc: mX=1 mY=0
20251231182052 - Moving Mouse: X=1.6800000000000002 Y=0.0
20251231182052 - ProcessMovement: U=0 (Integer) L=0 D=0 R=1
20251231182052 - Calc: mX=1 mY=0
20251231182052 - Moving Mouse: X=2.3464 Y=0.0
20251231182052 - ProcessMovement: U=0 (Integer) L=0 D=0 R=1
20251231182052 - Calc: mX=1 mY=0
20251231182052 - Moving Mouse: X=2.9994719999999999 Y=0.0
20251231182052 - ProcessMovement: U=0 (Integer) L=0 D=0 R=1
20251231182052 - Calc: mX=1 mY=0
20251231182052 - Moving Mouse: X=3.6394825600000003 Y=0.0
20251231182052 - ProcessMovement: U=0 (Integer) L=0 D=0 R=1
20251231182052 - Calc: mX=1 mY=0
20251231182052 - Moving Mouse: X=4.2666929088000005 Y=0.0
20251231182052 - F16 Up Received
20251231182052 - ProcessMovement: U=0 (Integer) L=0 D=0 R=0
20251231182054 - F16 Received (Move Right)
20251231182054 - ProcessMovement: U=0 (Integer) L=0 D=0 R=1
20251231182054 - Calc: mX=1 mY=0
20251231182054 - Moving Mouse: X=1 Y=0
20251231182054 - ProcessMovement: U=0 (Integer) L=0 D=0 R=1
20251231182054 - Calc: mX=1 mY=0
20251231182054 - Moving Mouse: X=1.6800000000000002 Y=0.0
20251231182054 - ProcessMovement: U=0 (Integer) L=0 D=0 R=1
20251231182054 - Calc: mX=1 mY=0
20251231182054 - Moving Mouse: X=2.3464 Y=0.0
20251231182054 - ProcessMovement: U=0 (Integer) L=0 D=0 R=1
20251231182054 - Calc: mX=1 mY=0
20251231182054 - Moving Mouse: X=2.9994719999999999 Y=0.0
20251231182054 - ProcessMovement: U=0 (Integer) L=0 D=0 R=1
20251231182054 - Calc: mX=1 mY=0
20251231182054 - Moving Mouse: X=3.6394825600000003 Y=0.0
20251231182054 - ProcessMovement: U=0 (Integer) L=0 D=0 R=1
20251231182054 - Calc: mX=1 mY=0
20251231182054 - Moving Mouse: X=4.2666929088000005 Y=0.0
20251231182054 - ProcessMovement: U=0 (Integer) L=0 D=0 R=1
20251231182054 - Calc: mX=1 mY=0
20251231182054 - Moving Mouse: X=4.8813590506240008 Y=0.0
20251231182054 - ProcessMovement: U=0 (Integer) L=0 D=0 R=1
20251231182054 - Calc: mX=1 mY=0
20251231182054 - Moving Mouse: X=5.4837318696115211 Y=0.0
20251231182054 - F16 Up Received
20251231182054 - ProcessMovement: U=0 (Integer) L=0 D=0 R=0
